<?xml version="1.0" encoding="UTF-8"?>
<!-- Generated by org.testng.reporters.JUnitReportReporter -->
<testsuite hostname="MustafaNgm" failures="0" tests="3" name="tests.TestUserRegister" time="7.261" errors="0" timestamp="2024-10-27T11:35:03 EEST" skipped="0">
  <testcase classname="tests.TestUserRegister" name="OpenRegisterPage" time="1.358"/>
  <system-out/>
  <testcase classname="tests.TestUserRegister" name="Register" time="4.998"/>
  <system-out/>
  <testcase classname="tests.TestUserRegister" name="checkOut" time="0.905"/>
  <system-out/>
</testsuite> <!-- tests.TestUserRegister -->
