<?xml version="1.0" encoding="UTF-8"?>
<!-- Generated by org.testng.reporters.JUnitReportReporter -->
<testsuite hostname="MustafaNgm" failures="0" tests="2" name="tests.TestLogin" time="2.772" errors="0" timestamp="2024-10-03T16:18:40 EEST" skipped="0">
  <testcase classname="tests.TestLogin" name="OpenLoginPage" time="0.854"/>
  <system-out/>
  <testcase classname="tests.TestLogin" name="Login" time="1.918"/>
  <system-out/>
</testsuite> <!-- tests.TestLogin -->
