<?xml version="1.0" encoding="UTF-8"?>
<!-- Generated by org.testng.reporters.JUnitReportReporter -->
<testsuite hostname="MustafaNgm" failures="0" tests="2" name="pages.test1" time="0.382" errors="0" timestamp="2024-10-01T14:56:35 EEST" skipped="0">
  <testcase classname="pages.test1" name="WindowScreen" time="0.051"/>
  <system-out/>
  <testcase classname="pages.test1" name="DragAndDrop" time="0.331"/>
  <system-out/>
</testsuite> <!-- pages.test1 -->
