<?xml version="1.0" encoding="UTF-8"?>
<!-- Generated by org.testng.reporters.JUnitReportReporter -->
<testsuite hostname="MustafaNgm" failures="0" tests="4" name="tests.TestUserRegister2" time="26.078" errors="0" timestamp="2024-10-07T15:53:52 EEST" skipped="0">
  <testcase classname="tests.TestUserRegister2" name="OpenRegisterPage" time="2.280"/>
  <system-out/>
  <testcase classname="tests.TestUserRegister2" name="Register" time="8.656"/>
  <system-out/>
  <testcase classname="tests.TestUserRegister2" name="Register" time="6.990"/>
  <system-out/>
  <testcase classname="tests.TestUserRegister2" name="Register" time="8.152"/>
  <system-out/>
</testsuite> <!-- tests.TestUserRegister2 -->
